The target system is: Android - 1 - aarch64
The host system is: Linux - 5.4.0-122-generic - x86_64
Determining if the C compiler works passed with the following output:
Change Dir: /home/sammy/Pearlapp/.buildozer/android/platform/build-arm64-v8a_armeabi-v7a/build/other_builds/jpeg/arm64-v8a__ndk_target_21/jpeg/CMakeFiles/CMakeTmp

Run Build Command(s):/usr/bin/make cmTC_39120/fast && make -j4 -f CMakeFiles/cmTC_39120.dir/build.make CMakeFiles/cmTC_39120.dir/build
make[1]: Entering directory '/home/sammy/Pearlapp/.buildozer/android/platform/build-arm64-v8a_armeabi-v7a/build/other_builds/jpeg/arm64-v8a__ndk_target_21/jpeg/CMakeFiles/CMakeTmp'
Building C object CMakeFiles/cmTC_39120.dir/testCCompiler.c.o
/home/sammy/.buildozer/android/platform/android-ndk-r23b/toolchains/llvm/prebuilt/linux-x86_64/bin/clang --target=aarch64-none-linux-android21 --gcc-toolchain=/home/sammy/.buildozer/android/platform/android-ndk-r23b/toolchains/llvm/prebuilt/linux-x86_64 --sysroot=/home/sammy/.buildozer/android/platform/android-ndk-r23b/toolchains/llvm/prebuilt/linux-x86_64/sysroot   -g -DANDROID -fdata-sections -ffunction-sections -funwind-tables -fstack-protector-strong -no-canonical-prefixes -D_FORTIFY_SOURCE=2 -Wformat -Werror=format-security   -fPIE   -o CMakeFiles/cmTC_39120.dir/testCCompiler.c.o   -c /home/sammy/Pearlapp/.buildozer/android/platform/build-arm64-v8a_armeabi-v7a/build/other_builds/jpeg/arm64-v8a__ndk_target_21/jpeg/CMakeFiles/CMakeTmp/testCCompiler.c
Linking C executable cmTC_39120
/usr/bin/cmake -E cmake_link_script CMakeFiles/cmTC_39120.dir/link.txt --verbose=1
/home/sammy/.buildozer/android/platform/android-ndk-r23b/toolchains/llvm/prebuilt/linux-x86_64/bin/clang --target=aarch64-none-linux-android21 --gcc-toolchain=/home/sammy/.buildozer/android/platform/android-ndk-r23b/toolchains/llvm/prebuilt/linux-x86_64 --sysroot=/home/sammy/.buildozer/android/platform/android-ndk-r23b/toolchains/llvm/prebuilt/linux-x86_64/sysroot -g -DANDROID -fdata-sections -ffunction-sections -funwind-tables -fstack-protector-strong -no-canonical-prefixes -D_FORTIFY_SOURCE=2 -Wformat -Werror=format-security    -static-libstdc++ -Wl,--build-id=sha1 -Wl,--no-rosegment -Wl,--fatal-warnings -Wl,--no-undefined -Qunused-arguments -Wl,--gc-sections   CMakeFiles/cmTC_39120.dir/testCCompiler.c.o  -o cmTC_39120  -latomic -lm 
make[1]: Leaving directory '/home/sammy/Pearlapp/.buildozer/android/platform/build-arm64-v8a_armeabi-v7a/build/other_builds/jpeg/arm64-v8a__ndk_target_21/jpeg/CMakeFiles/CMakeTmp'



Detecting C compiler ABI info compiled with the following output:
Change Dir: /home/sammy/Pearlapp/.buildozer/android/platform/build-arm64-v8a_armeabi-v7a/build/other_builds/jpeg/arm64-v8a__ndk_target_21/jpeg/CMakeFiles/CMakeTmp

Run Build Command(s):/usr/bin/make cmTC_48762/fast && make -j4 -f CMakeFiles/cmTC_48762.dir/build.make CMakeFiles/cmTC_48762.dir/build
make[1]: Entering directory '/home/sammy/Pearlapp/.buildozer/android/platform/build-arm64-v8a_armeabi-v7a/build/other_builds/jpeg/arm64-v8a__ndk_target_21/jpeg/CMakeFiles/CMakeTmp'
Building C object CMakeFiles/cmTC_48762.dir/CMakeCCompilerABI.c.o
/home/sammy/.buildozer/android/platform/android-ndk-r23b/toolchains/llvm/prebuilt/linux-x86_64/bin/clang --target=aarch64-none-linux-android21 --gcc-toolchain=/home/sammy/.buildozer/android/platform/android-ndk-r23b/toolchains/llvm/prebuilt/linux-x86_64 --sysroot=/home/sammy/.buildozer/android/platform/android-ndk-r23b/toolchains/llvm/prebuilt/linux-x86_64/sysroot   -g -DANDROID -fdata-sections -ffunction-sections -funwind-tables -fstack-protector-strong -no-canonical-prefixes -D_FORTIFY_SOURCE=2 -Wformat -Werror=format-security   -fPIE   -v -o CMakeFiles/cmTC_48762.dir/CMakeCCompilerABI.c.o   -c /usr/share/cmake-3.16/Modules/CMakeCCompilerABI.c
Android (7714059, based on r416183c1) clang version 12.0.8 (https://android.googlesource.com/toolchain/llvm-project c935d99d7cf2016289302412d708641d52d2f7ee)
Target: aarch64-none-linux-android21
Thread model: posix
InstalledDir: /home/sammy/.buildozer/android/platform/android-ndk-r23b/toolchains/llvm/prebuilt/linux-x86_64/bin
Found candidate GCC installation: /home/sammy/.buildozer/android/platform/android-ndk-r23b/toolchains/llvm/prebuilt/linux-x86_64/lib/gcc/aarch64-linux-android/4.9.x
Selected GCC installation: /home/sammy/.buildozer/android/platform/android-ndk-r23b/toolchains/llvm/prebuilt/linux-x86_64/lib/gcc/aarch64-linux-android/4.9.x
Candidate multilib: .;@m64
Selected multilib: .;@m64
 (in-process)
 "/home/sammy/.buildozer/android/platform/android-ndk-r23b/toolchains/llvm/prebuilt/linux-x86_64/bin/clang" -cc1 -triple aarch64-none-linux-android21 -emit-obj -mrelax-all --mrelax-relocations -mnoexecstack -disable-free -disable-llvm-verifier -discard-value-names -main-file-name CMakeCCompilerABI.c -mrelocation-model pic -pic-level 2 -pic-is-pie -mframe-pointer=non-leaf -fno-rounding-math -mconstructor-aliases -munwind-tables -target-cpu generic -target-feature +neon -target-abi aapcs -mllvm -aarch64-fix-cortex-a53-835769=1 -fallow-half-arguments-and-returns -fno-split-dwarf-inlining -debug-info-kind=limited -dwarf-version=4 -debugger-tuning=gdb -v -ffunction-sections -fdata-sections -resource-dir /home/sammy/.buildozer/android/platform/android-ndk-r23b/toolchains/llvm/prebuilt/linux-x86_64/lib64/clang/12.0.8 -D ANDROID -D _FORTIFY_SOURCE=2 -isysroot /home/sammy/.buildozer/android/platform/android-ndk-r23b/toolchains/llvm/prebuilt/linux-x86_64/sysroot -internal-isystem /home/sammy/.buildozer/android/platform/android-ndk-r23b/toolchains/llvm/prebuilt/linux-x86_64/sysroot/usr/local/include -internal-isystem /home/sammy/.buildozer/android/platform/android-ndk-r23b/toolchains/llvm/prebuilt/linux-x86_64/lib64/clang/12.0.8/include -internal-externc-isystem /home/sammy/.buildozer/android/platform/android-ndk-r23b/toolchains/llvm/prebuilt/linux-x86_64/sysroot/usr/include/aarch64-linux-android -internal-externc-isystem /home/sammy/.buildozer/android/platform/android-ndk-r23b/toolchains/llvm/prebuilt/linux-x86_64/sysroot/include -internal-externc-isystem /home/sammy/.buildozer/android/platform/android-ndk-r23b/toolchains/llvm/prebuilt/linux-x86_64/sysroot/usr/include -Wformat -Werror=format-security -fdebug-compilation-dir /home/sammy/Pearlapp/.buildozer/android/platform/build-arm64-v8a_armeabi-v7a/build/other_builds/jpeg/arm64-v8a__ndk_target_21/jpeg/CMakeFiles/CMakeTmp -ferror-limit 19 -stack-protector 2 -fno-signed-char -fgnuc-version=4.2.1 -o CMakeFiles/cmTC_48762.dir/CMakeCCompilerABI.c.o -x c /usr/share/cmake-3.16/Modules/CMakeCCompilerABI.c
clang -cc1 version 12.0.8 based upon LLVM 12.0.8git default target x86_64-unknown-linux-gnu
ignoring nonexistent directory "/home/sammy/.buildozer/android/platform/android-ndk-r23b/toolchains/llvm/prebuilt/linux-x86_64/sysroot/include"
#include "..." search starts here:
#include <...> search starts here:
 /home/sammy/.buildozer/android/platform/android-ndk-r23b/toolchains/llvm/prebuilt/linux-x86_64/sysroot/usr/local/include
 /home/sammy/.buildozer/android/platform/android-ndk-r23b/toolchains/llvm/prebuilt/linux-x86_64/lib64/clang/12.0.8/include
 /home/sammy/.buildozer/android/platform/android-ndk-r23b/toolchains/llvm/prebuilt/linux-x86_64/sysroot/usr/include/aarch64-linux-android
 /home/sammy/.buildozer/android/platform/android-ndk-r23b/toolchains/llvm/prebuilt/linux-x86_64/sysroot/usr/include
End of search list.
Linking C executable cmTC_48762
/usr/bin/cmake -E cmake_link_script CMakeFiles/cmTC_48762.dir/link.txt --verbose=1
/home/sammy/.buildozer/android/platform/android-ndk-r23b/toolchains/llvm/prebuilt/linux-x86_64/bin/clang --target=aarch64-none-linux-android21 --gcc-toolchain=/home/sammy/.buildozer/android/platform/android-ndk-r23b/toolchains/llvm/prebuilt/linux-x86_64 --sysroot=/home/sammy/.buildozer/android/platform/android-ndk-r23b/toolchains/llvm/prebuilt/linux-x86_64/sysroot -g -DANDROID -fdata-sections -ffunction-sections -funwind-tables -fstack-protector-strong -no-canonical-prefixes -D_FORTIFY_SOURCE=2 -Wformat -Werror=format-security    -static-libstdc++ -Wl,--build-id=sha1 -Wl,--no-rosegment -Wl,--fatal-warnings -Wl,--no-undefined -Qunused-arguments -Wl,--gc-sections  -v CMakeFiles/cmTC_48762.dir/CMakeCCompilerABI.c.o  -o cmTC_48762 
Android (7714059, based on r416183c1) clang version 12.0.8 (https://android.googlesource.com/toolchain/llvm-project c935d99d7cf2016289302412d708641d52d2f7ee)
Target: aarch64-none-linux-android21
Thread model: posix
InstalledDir: /home/sammy/.buildozer/android/platform/android-ndk-r23b/toolchains/llvm/prebuilt/linux-x86_64/bin
Found candidate GCC installation: /home/sammy/.buildozer/android/platform/android-ndk-r23b/toolchains/llvm/prebuilt/linux-x86_64/lib/gcc/aarch64-linux-android/4.9.x
Selected GCC installation: /home/sammy/.buildozer/android/platform/android-ndk-r23b/toolchains/llvm/prebuilt/linux-x86_64/lib/gcc/aarch64-linux-android/4.9.x
Candidate multilib: .;@m64
Selected multilib: .;@m64
 "/home/sammy/.buildozer/android/platform/android-ndk-r23b/toolchains/llvm/prebuilt/linux-x86_64/bin/ld" --sysroot=/home/sammy/.buildozer/android/platform/android-ndk-r23b/toolchains/llvm/prebuilt/linux-x86_64/sysroot -pie -z noexecstack -EL --fix-cortex-a53-843419 --warn-shared-textrel -z now -z relro -z max-page-size=4096 --hash-style=gnu --hash-style=both --enable-new-dtags --eh-frame-hdr -m aarch64linux -dynamic-linker /system/bin/linker64 -o cmTC_48762 /home/sammy/.buildozer/android/platform/android-ndk-r23b/toolchains/llvm/prebuilt/linux-x86_64/sysroot/usr/lib/aarch64-linux-android/21/crtbegin_dynamic.o -L/home/sammy/.buildozer/android/platform/android-ndk-r23b/toolchains/llvm/prebuilt/linux-x86_64/lib64/clang/12.0.8/lib/linux/aarch64 -L/home/sammy/.buildozer/android/platform/android-ndk-r23b/toolchains/llvm/prebuilt/linux-x86_64/lib/gcc/aarch64-linux-android/4.9.x -L/home/sammy/.buildozer/android/platform/android-ndk-r23b/toolchains/llvm/prebuilt/linux-x86_64/sysroot/usr/lib/aarch64-linux-android/21 -L/home/sammy/.buildozer/android/platform/android-ndk-r23b/toolchains/llvm/prebuilt/linux-x86_64/sysroot/usr/lib/aarch64-linux-android -L/home/sammy/.buildozer/android/platform/android-ndk-r23b/toolchains/llvm/prebuilt/linux-x86_64/sysroot/usr/lib --build-id=sha1 --no-rosegment --fatal-warnings --no-undefined --gc-sections CMakeFiles/cmTC_48762.dir/CMakeCCompilerABI.c.o /home/sammy/.buildozer/android/platform/android-ndk-r23b/toolchains/llvm/prebuilt/linux-x86_64/lib64/clang/12.0.8/lib/linux/libclang_rt.builtins-aarch64-android.a -l:libunwind.a -ldl -lc /home/sammy/.buildozer/android/platform/android-ndk-r23b/toolchains/llvm/prebuilt/linux-x86_64/lib64/clang/12.0.8/lib/linux/libclang_rt.builtins-aarch64-android.a -l:libunwind.a -ldl /home/sammy/.buildozer/android/platform/android-ndk-r23b/toolchains/llvm/prebuilt/linux-x86_64/sysroot/usr/lib/aarch64-linux-android/21/crtend_android.o
make[1]: Leaving directory '/home/sammy/Pearlapp/.buildozer/android/platform/build-arm64-v8a_armeabi-v7a/build/other_builds/jpeg/arm64-v8a__ndk_target_21/jpeg/CMakeFiles/CMakeTmp'



Parsed C implicit include dir info from above output: rv=done
  found start of include info
  found start of implicit include info
    add: [/home/sammy/.buildozer/android/platform/android-ndk-r23b/toolchains/llvm/prebuilt/linux-x86_64/sysroot/usr/local/include]
    add: [/home/sammy/.buildozer/android/platform/android-ndk-r23b/toolchains/llvm/prebuilt/linux-x86_64/lib64/clang/12.0.8/include]
    add: [/home/sammy/.buildozer/android/platform/android-ndk-r23b/toolchains/llvm/prebuilt/linux-x86_64/sysroot/usr/include/aarch64-linux-android]
    add: [/home/sammy/.buildozer/android/platform/android-ndk-r23b/toolchains/llvm/prebuilt/linux-x86_64/sysroot/usr/include]
  end of search list found
  collapse include dir [/home/sammy/.buildozer/android/platform/android-ndk-r23b/toolchains/llvm/prebuilt/linux-x86_64/sysroot/usr/local/include] ==> [/home/sammy/.buildozer/android/platform/android-ndk-r23b/toolchains/llvm/prebuilt/linux-x86_64/sysroot/usr/local/include]
  collapse include dir [/home/sammy/.buildozer/android/platform/android-ndk-r23b/toolchains/llvm/prebuilt/linux-x86_64/lib64/clang/12.0.8/include] ==> [/home/sammy/.buildozer/android/platform/android-ndk-r23b/toolchains/llvm/prebuilt/linux-x86_64/lib64/clang/12.0.8/include]
  collapse include dir [/home/sammy/.buildozer/android/platform/android-ndk-r23b/toolchains/llvm/prebuilt/linux-x86_64/sysroot/usr/include/aarch64-linux-android] ==> [/home/sammy/.buildozer/android/platform/android-ndk-r23b/toolchains/llvm/prebuilt/linux-x86_64/sysroot/usr/include/aarch64-linux-android]
  collapse include dir [/home/sammy/.buildozer/android/platform/android-ndk-r23b/toolchains/llvm/prebuilt/linux-x86_64/sysroot/usr/include] ==> [/home/sammy/.buildozer/android/platform/android-ndk-r23b/toolchains/llvm/prebuilt/linux-x86_64/sysroot/usr/include]
  implicit include dirs: [/home/sammy/.buildozer/android/platform/android-ndk-r23b/toolchains/llvm/prebuilt/linux-x86_64/sysroot/usr/local/include;/home/sammy/.buildozer/android/platform/android-ndk-r23b/toolchains/llvm/prebuilt/linux-x86_64/lib64/clang/12.0.8/include;/home/sammy/.buildozer/android/platform/android-ndk-r23b/toolchains/llvm/prebuilt/linux-x86_64/sysroot/usr/include/aarch64-linux-android;/home/sammy/.buildozer/android/platform/android-ndk-r23b/toolchains/llvm/prebuilt/linux-x86_64/sysroot/usr/include]


Parsed C implicit link information from above output:
  link line regex: [^( *|.*[/\])(ld\.lld|CMAKE_LINK_STARTFILE-NOTFOUND|([^/\]+-)?ld|collect2)[^/\]*( |$)]
  ignore line: [Change Dir: /home/sammy/Pearlapp/.buildozer/android/platform/build-arm64-v8a_armeabi-v7a/build/other_builds/jpeg/arm64-v8a__ndk_target_21/jpeg/CMakeFiles/CMakeTmp]
  ignore line: []
  ignore line: [Run Build Command(s):/usr/bin/make cmTC_48762/fast && make -j4 -f CMakeFiles/cmTC_48762.dir/build.make CMakeFiles/cmTC_48762.dir/build]
  ignore line: [make[1]: Entering directory '/home/sammy/Pearlapp/.buildozer/android/platform/build-arm64-v8a_armeabi-v7a/build/other_builds/jpeg/arm64-v8a__ndk_target_21/jpeg/CMakeFiles/CMakeTmp']
  ignore line: [Building C object CMakeFiles/cmTC_48762.dir/CMakeCCompilerABI.c.o]
  ignore line: [/home/sammy/.buildozer/android/platform/android-ndk-r23b/toolchains/llvm/prebuilt/linux-x86_64/bin/clang --target=aarch64-none-linux-android21 --gcc-toolchain=/home/sammy/.buildozer/android/platform/android-ndk-r23b/toolchains/llvm/prebuilt/linux-x86_64 --sysroot=/home/sammy/.buildozer/android/platform/android-ndk-r23b/toolchains/llvm/prebuilt/linux-x86_64/sysroot   -g -DANDROID -fdata-sections -ffunction-sections -funwind-tables -fstack-protector-strong -no-canonical-prefixes -D_FORTIFY_SOURCE=2 -Wformat -Werror=format-security   -fPIE   -v -o CMakeFiles/cmTC_48762.dir/CMakeCCompilerABI.c.o   -c /usr/share/cmake-3.16/Modules/CMakeCCompilerABI.c]
  ignore line: [Android (7714059  based on r416183c1) clang version 12.0.8 (https://android.googlesource.com/toolchain/llvm-project c935d99d7cf2016289302412d708641d52d2f7ee)]
  ignore line: [Target: aarch64-none-linux-android21]
  ignore line: [Thread model: posix]
  ignore line: [InstalledDir: /home/sammy/.buildozer/android/platform/android-ndk-r23b/toolchains/llvm/prebuilt/linux-x86_64/bin]
  ignore line: [Found candidate GCC installation: /home/sammy/.buildozer/android/platform/android-ndk-r23b/toolchains/llvm/prebuilt/linux-x86_64/lib/gcc/aarch64-linux-android/4.9.x]
  ignore line: [Selected GCC installation: /home/sammy/.buildozer/android/platform/android-ndk-r23b/toolchains/llvm/prebuilt/linux-x86_64/lib/gcc/aarch64-linux-android/4.9.x]
  ignore line: [Candidate multilib: .]
  ignore line: [@m64]
  ignore line: [Selected multilib: .]
  ignore line: [@m64]
  ignore line: [ (in-process)]
  ignore line: [ "/home/sammy/.buildozer/android/platform/android-ndk-r23b/toolchains/llvm/prebuilt/linux-x86_64/bin/clang" -cc1 -triple aarch64-none-linux-android21 -emit-obj -mrelax-all --mrelax-relocations -mnoexecstack -disable-free -disable-llvm-verifier -discard-value-names -main-file-name CMakeCCompilerABI.c -mrelocation-model pic -pic-level 2 -pic-is-pie -mframe-pointer=non-leaf -fno-rounding-math -mconstructor-aliases -munwind-tables -target-cpu generic -target-feature +neon -target-abi aapcs -mllvm -aarch64-fix-cortex-a53-835769=1 -fallow-half-arguments-and-returns -fno-split-dwarf-inlining -debug-info-kind=limited -dwarf-version=4 -debugger-tuning=gdb -v -ffunction-sections -fdata-sections -resource-dir /home/sammy/.buildozer/android/platform/android-ndk-r23b/toolchains/llvm/prebuilt/linux-x86_64/lib64/clang/12.0.8 -D ANDROID -D _FORTIFY_SOURCE=2 -isysroot /home/sammy/.buildozer/android/platform/android-ndk-r23b/toolchains/llvm/prebuilt/linux-x86_64/sysroot -internal-isystem /home/sammy/.buildozer/android/platform/android-ndk-r23b/toolchains/llvm/prebuilt/linux-x86_64/sysroot/usr/local/include -internal-isystem /home/sammy/.buildozer/android/platform/android-ndk-r23b/toolchains/llvm/prebuilt/linux-x86_64/lib64/clang/12.0.8/include -internal-externc-isystem /home/sammy/.buildozer/android/platform/android-ndk-r23b/toolchains/llvm/prebuilt/linux-x86_64/sysroot/usr/include/aarch64-linux-android -internal-externc-isystem /home/sammy/.buildozer/android/platform/android-ndk-r23b/toolchains/llvm/prebuilt/linux-x86_64/sysroot/include -internal-externc-isystem /home/sammy/.buildozer/android/platform/android-ndk-r23b/toolchains/llvm/prebuilt/linux-x86_64/sysroot/usr/include -Wformat -Werror=format-security -fdebug-compilation-dir /home/sammy/Pearlapp/.buildozer/android/platform/build-arm64-v8a_armeabi-v7a/build/other_builds/jpeg/arm64-v8a__ndk_target_21/jpeg/CMakeFiles/CMakeTmp -ferror-limit 19 -stack-protector 2 -fno-signed-char -fgnuc-version=4.2.1 -o CMakeFiles/cmTC_48762.dir/CMakeCCompilerABI.c.o -x c /usr/share/cmake-3.16/Modules/CMakeCCompilerABI.c]
  ignore line: [clang -cc1 version 12.0.8 based upon LLVM 12.0.8git default target x86_64-unknown-linux-gnu]
  ignore line: [ignoring nonexistent directory "/home/sammy/.buildozer/android/platform/android-ndk-r23b/toolchains/llvm/prebuilt/linux-x86_64/sysroot/include"]
  ignore line: [#include "..." search starts here:]
  ignore line: [#include <...> search starts here:]
  ignore line: [ /home/sammy/.buildozer/android/platform/android-ndk-r23b/toolchains/llvm/prebuilt/linux-x86_64/sysroot/usr/local/include]
  ignore line: [ /home/sammy/.buildozer/android/platform/android-ndk-r23b/toolchains/llvm/prebuilt/linux-x86_64/lib64/clang/12.0.8/include]
  ignore line: [ /home/sammy/.buildozer/android/platform/android-ndk-r23b/toolchains/llvm/prebuilt/linux-x86_64/sysroot/usr/include/aarch64-linux-android]
  ignore line: [ /home/sammy/.buildozer/android/platform/android-ndk-r23b/toolchains/llvm/prebuilt/linux-x86_64/sysroot/usr/include]
  ignore line: [End of search list.]
  ignore line: [Linking C executable cmTC_48762]
  ignore line: [/usr/bin/cmake -E cmake_link_script CMakeFiles/cmTC_48762.dir/link.txt --verbose=1]
  ignore line: [/home/sammy/.buildozer/android/platform/android-ndk-r23b/toolchains/llvm/prebuilt/linux-x86_64/bin/clang --target=aarch64-none-linux-android21 --gcc-toolchain=/home/sammy/.buildozer/android/platform/android-ndk-r23b/toolchains/llvm/prebuilt/linux-x86_64 --sysroot=/home/sammy/.buildozer/android/platform/android-ndk-r23b/toolchains/llvm/prebuilt/linux-x86_64/sysroot -g -DANDROID -fdata-sections -ffunction-sections -funwind-tables -fstack-protector-strong -no-canonical-prefixes -D_FORTIFY_SOURCE=2 -Wformat -Werror=format-security    -static-libstdc++ -Wl --build-id=sha1 -Wl --no-rosegment -Wl --fatal-warnings -Wl --no-undefined -Qunused-arguments -Wl --gc-sections  -v CMakeFiles/cmTC_48762.dir/CMakeCCompilerABI.c.o  -o cmTC_48762 ]
  ignore line: [Android (7714059  based on r416183c1) clang version 12.0.8 (https://android.googlesource.com/toolchain/llvm-project c935d99d7cf2016289302412d708641d52d2f7ee)]
  ignore line: [Target: aarch64-none-linux-android21]
  ignore line: [Thread model: posix]
  ignore line: [InstalledDir: /home/sammy/.buildozer/android/platform/android-ndk-r23b/toolchains/llvm/prebuilt/linux-x86_64/bin]
  ignore line: [Found candidate GCC installation: /home/sammy/.buildozer/android/platform/android-ndk-r23b/toolchains/llvm/prebuilt/linux-x86_64/lib/gcc/aarch64-linux-android/4.9.x]
  ignore line: [Selected GCC installation: /home/sammy/.buildozer/android/platform/android-ndk-r23b/toolchains/llvm/prebuilt/linux-x86_64/lib/gcc/aarch64-linux-android/4.9.x]
  ignore line: [Candidate multilib: .]
  ignore line: [@m64]
  ignore line: [Selected multilib: .]
  ignore line: [@m64]
  link line: [ "/home/sammy/.buildozer/android/platform/android-ndk-r23b/toolchains/llvm/prebuilt/linux-x86_64/bin/ld" --sysroot=/home/sammy/.buildozer/android/platform/android-ndk-r23b/toolchains/llvm/prebuilt/linux-x86_64/sysroot -pie -z noexecstack -EL --fix-cortex-a53-843419 --warn-shared-textrel -z now -z relro -z max-page-size=4096 --hash-style=gnu --hash-style=both --enable-new-dtags --eh-frame-hdr -m aarch64linux -dynamic-linker /system/bin/linker64 -o cmTC_48762 /home/sammy/.buildozer/android/platform/android-ndk-r23b/toolchains/llvm/prebuilt/linux-x86_64/sysroot/usr/lib/aarch64-linux-android/21/crtbegin_dynamic.o -L/home/sammy/.buildozer/android/platform/android-ndk-r23b/toolchains/llvm/prebuilt/linux-x86_64/lib64/clang/12.0.8/lib/linux/aarch64 -L/home/sammy/.buildozer/android/platform/android-ndk-r23b/toolchains/llvm/prebuilt/linux-x86_64/lib/gcc/aarch64-linux-android/4.9.x -L/home/sammy/.buildozer/android/platform/android-ndk-r23b/toolchains/llvm/prebuilt/linux-x86_64/sysroot/usr/lib/aarch64-linux-android/21 -L/home/sammy/.buildozer/android/platform/android-ndk-r23b/toolchains/llvm/prebuilt/linux-x86_64/sysroot/usr/lib/aarch64-linux-android -L/home/sammy/.buildozer/android/platform/android-ndk-r23b/toolchains/llvm/prebuilt/linux-x86_64/sysroot/usr/lib --build-id=sha1 --no-rosegment --fatal-warnings --no-undefined --gc-sections CMakeFiles/cmTC_48762.dir/CMakeCCompilerABI.c.o /home/sammy/.buildozer/android/platform/android-ndk-r23b/toolchains/llvm/prebuilt/linux-x86_64/lib64/clang/12.0.8/lib/linux/libclang_rt.builtins-aarch64-android.a -l:libunwind.a -ldl -lc /home/sammy/.buildozer/android/platform/android-ndk-r23b/toolchains/llvm/prebuilt/linux-x86_64/lib64/clang/12.0.8/lib/linux/libclang_rt.builtins-aarch64-android.a -l:libunwind.a -ldl /home/sammy/.buildozer/android/platform/android-ndk-r23b/toolchains/llvm/prebuilt/linux-x86_64/sysroot/usr/lib/aarch64-linux-android/21/crtend_android.o]
    arg [/home/sammy/.buildozer/android/platform/android-ndk-r23b/toolchains/llvm/prebuilt/linux-x86_64/bin/ld] ==> ignore
    arg [--sysroot=/home/sammy/.buildozer/android/platform/android-ndk-r23b/toolchains/llvm/prebuilt/linux-x86_64/sysroot] ==> ignore
    arg [-pie] ==> ignore
    arg [-znoexecstack] ==> ignore
    arg [-EL] ==> ignore
    arg [--fix-cortex-a53-843419] ==> ignore
    arg [--warn-shared-textrel] ==> ignore
    arg [-znow] ==> ignore
    arg [-zrelro] ==> ignore
    arg [-zmax-page-size=4096] ==> ignore
    arg [--hash-style=gnu] ==> ignore
    arg [--hash-style=both] ==> ignore
    arg [--enable-new-dtags] ==> ignore
    arg [--eh-frame-hdr] ==> ignore
    arg [-m] ==> ignore
    arg [aarch64linux] ==> ignore
    arg [-dynamic-linker] ==> ignore
    arg [/system/bin/linker64] ==> ignore
    arg [-o] ==> ignore
    arg [cmTC_48762] ==> ignore
    arg [/home/sammy/.buildozer/android/platform/android-ndk-r23b/toolchains/llvm/prebuilt/linux-x86_64/sysroot/usr/lib/aarch64-linux-android/21/crtbegin_dynamic.o] ==> ignore
    arg [-L/home/sammy/.buildozer/android/platform/android-ndk-r23b/toolchains/llvm/prebuilt/linux-x86_64/lib64/clang/12.0.8/lib/linux/aarch64] ==> dir [/home/sammy/.buildozer/android/platform/android-ndk-r23b/toolchains/llvm/prebuilt/linux-x86_64/lib64/clang/12.0.8/lib/linux/aarch64]
    arg [-L/home/sammy/.buildozer/android/platform/android-ndk-r23b/toolchains/llvm/prebuilt/linux-x86_64/lib/gcc/aarch64-linux-android/4.9.x] ==> dir [/home/sammy/.buildozer/android/platform/android-ndk-r23b/toolchains/llvm/prebuilt/linux-x86_64/lib/gcc/aarch64-linux-android/4.9.x]
    arg [-L/home/sammy/.buildozer/android/platform/android-ndk-r23b/toolchains/llvm/prebuilt/linux-x86_64/sysroot/usr/lib/aarch64-linux-android/21] ==> dir [/home/sammy/.buildozer/android/platform/android-ndk-r23b/toolchains/llvm/prebuilt/linux-x86_64/sysroot/usr/lib/aarch64-linux-android/21]
    arg [-L/home/sammy/.buildozer/android/platform/android-ndk-r23b/toolchains/llvm/prebuilt/linux-x86_64/sysroot/usr/lib/aarch64-linux-android] ==> dir [/home/sammy/.buildozer/android/platform/android-ndk-r23b/toolchains/llvm/prebuilt/linux-x86_64/sysroot/usr/lib/aarch64-linux-android]
    arg [-L/home/sammy/.buildozer/android/platform/android-ndk-r23b/toolchains/llvm/prebuilt/linux-x86_64/sysroot/usr/lib] ==> dir [/home/sammy/.buildozer/android/platform/android-ndk-r23b/toolchains/llvm/prebuilt/linux-x86_64/sysroot/usr/lib]
    arg [--build-id=sha1] ==> ignore
    arg [--no-rosegment] ==> ignore
    arg [--fatal-warnings] ==> ignore
    arg [--no-undefined] ==> ignore
    arg [--gc-sections] ==> ignore
    arg [CMakeFiles/cmTC_48762.dir/CMakeCCompilerABI.c.o] ==> ignore
    arg [/home/sammy/.buildozer/android/platform/android-ndk-r23b/toolchains/llvm/prebuilt/linux-x86_64/lib64/clang/12.0.8/lib/linux/libclang_rt.builtins-aarch64-android.a] ==> lib [/home/sammy/.buildozer/android/platform/android-ndk-r23b/toolchains/llvm/prebuilt/linux-x86_64/lib64/clang/12.0.8/lib/linux/libclang_rt.builtins-aarch64-android.a]
    arg [-l:libunwind.a] ==> lib [-l:libunwind.a]
    arg [-ldl] ==> lib [dl]
    arg [-lc] ==> lib [c]
    arg [/home/sammy/.buildozer/android/platform/android-ndk-r23b/toolchains/llvm/prebuilt/linux-x86_64/lib64/clang/12.0.8/lib/linux/libclang_rt.builtins-aarch64-android.a] ==> lib [/home/sammy/.buildozer/android/platform/android-ndk-r23b/toolchains/llvm/prebuilt/linux-x86_64/lib64/clang/12.0.8/lib/linux/libclang_rt.builtins-aarch64-android.a]
    arg [-l:libunwind.a] ==> lib [-l:libunwind.a]
    arg [-ldl] ==> lib [dl]
    arg [/home/sammy/.buildozer/android/platform/android-ndk-r23b/toolchains/llvm/prebuilt/linux-x86_64/sysroot/usr/lib/aarch64-linux-android/21/crtend_android.o] ==> ignore
  remove lib [/home/sammy/.buildozer/android/platform/android-ndk-r23b/toolchains/llvm/prebuilt/linux-x86_64/lib64/clang/12.0.8/lib/linux/libclang_rt.builtins-aarch64-android.a]
  remove lib [/home/sammy/.buildozer/android/platform/android-ndk-r23b/toolchains/llvm/prebuilt/linux-x86_64/lib64/clang/12.0.8/lib/linux/libclang_rt.builtins-aarch64-android.a]
  collapse library dir [/home/sammy/.buildozer/android/platform/android-ndk-r23b/toolchains/llvm/prebuilt/linux-x86_64/lib64/clang/12.0.8/lib/linux/aarch64] ==> [/home/sammy/.buildozer/android/platform/android-ndk-r23b/toolchains/llvm/prebuilt/linux-x86_64/lib64/clang/12.0.8/lib/linux/aarch64]
  collapse library dir [/home/sammy/.buildozer/android/platform/android-ndk-r23b/toolchains/llvm/prebuilt/linux-x86_64/lib/gcc/aarch64-linux-android/4.9.x] ==> [/home/sammy/.buildozer/android/platform/android-ndk-r23b/toolchains/llvm/prebuilt/linux-x86_64/lib/gcc/aarch64-linux-android/4.9.x]
  collapse library dir [/home/sammy/.buildozer/android/platform/android-ndk-r23b/toolchains/llvm/prebuilt/linux-x86_64/sysroot/usr/lib/aarch64-linux-android/21] ==> [/home/sammy/.buildozer/android/platform/android-ndk-r23b/toolchains/llvm/prebuilt/linux-x86_64/sysroot/usr/lib/aarch64-linux-android/21]
  collapse library dir [/home/sammy/.buildozer/android/platform/android-ndk-r23b/toolchains/llvm/prebuilt/linux-x86_64/sysroot/usr/lib/aarch64-linux-android] ==> [/home/sammy/.buildozer/android/platform/android-ndk-r23b/toolchains/llvm/prebuilt/linux-x86_64/sysroot/usr/lib/aarch64-linux-android]
  collapse library dir [/home/sammy/.buildozer/android/platform/android-ndk-r23b/toolchains/llvm/prebuilt/linux-x86_64/sysroot/usr/lib] ==> [/home/sammy/.buildozer/android/platform/android-ndk-r23b/toolchains/llvm/prebuilt/linux-x86_64/sysroot/usr/lib]
  implicit libs: [-l:libunwind.a;dl;c;-l:libunwind.a;dl]
  implicit dirs: [/home/sammy/.buildozer/android/platform/android-ndk-r23b/toolchains/llvm/prebuilt/linux-x86_64/lib64/clang/12.0.8/lib/linux/aarch64;/home/sammy/.buildozer/android/platform/android-ndk-r23b/toolchains/llvm/prebuilt/linux-x86_64/lib/gcc/aarch64-linux-android/4.9.x;/home/sammy/.buildozer/android/platform/android-ndk-r23b/toolchains/llvm/prebuilt/linux-x86_64/sysroot/usr/lib/aarch64-linux-android/21;/home/sammy/.buildozer/android/platform/android-ndk-r23b/toolchains/llvm/prebuilt/linux-x86_64/sysroot/usr/lib/aarch64-linux-android;/home/sammy/.buildozer/android/platform/android-ndk-r23b/toolchains/llvm/prebuilt/linux-x86_64/sysroot/usr/lib]
  implicit fwks: []


Determining if the include file sys/types.h exists passed with the following output:
Change Dir: /home/sammy/Pearlapp/.buildozer/android/platform/build-arm64-v8a_armeabi-v7a/build/other_builds/jpeg/arm64-v8a__ndk_target_21/jpeg/CMakeFiles/CMakeTmp

Run Build Command(s):/usr/bin/make cmTC_cd259/fast && make -j4 -f CMakeFiles/cmTC_cd259.dir/build.make CMakeFiles/cmTC_cd259.dir/build
make[1]: Entering directory '/home/sammy/Pearlapp/.buildozer/android/platform/build-arm64-v8a_armeabi-v7a/build/other_builds/jpeg/arm64-v8a__ndk_target_21/jpeg/CMakeFiles/CMakeTmp'
Building C object CMakeFiles/cmTC_cd259.dir/CheckIncludeFile.c.o
/home/sammy/.buildozer/android/platform/android-ndk-r23b/toolchains/llvm/prebuilt/linux-x86_64/bin/clang --target=aarch64-none-linux-android21 --gcc-toolchain=/home/sammy/.buildozer/android/platform/android-ndk-r23b/toolchains/llvm/prebuilt/linux-x86_64 --sysroot=/home/sammy/.buildozer/android/platform/android-ndk-r23b/toolchains/llvm/prebuilt/linux-x86_64/sysroot   -g -DANDROID -fdata-sections -ffunction-sections -funwind-tables -fstack-protector-strong -no-canonical-prefixes -D_FORTIFY_SOURCE=2 -Wformat -Werror=format-security   -fPIE   -o CMakeFiles/cmTC_cd259.dir/CheckIncludeFile.c.o   -c /home/sammy/Pearlapp/.buildozer/android/platform/build-arm64-v8a_armeabi-v7a/build/other_builds/jpeg/arm64-v8a__ndk_target_21/jpeg/CMakeFiles/CMakeTmp/CheckIncludeFile.c
Linking C executable cmTC_cd259
/usr/bin/cmake -E cmake_link_script CMakeFiles/cmTC_cd259.dir/link.txt --verbose=1
/home/sammy/.buildozer/android/platform/android-ndk-r23b/toolchains/llvm/prebuilt/linux-x86_64/bin/clang --target=aarch64-none-linux-android21 --gcc-toolchain=/home/sammy/.buildozer/android/platform/android-ndk-r23b/toolchains/llvm/prebuilt/linux-x86_64 --sysroot=/home/sammy/.buildozer/android/platform/android-ndk-r23b/toolchains/llvm/prebuilt/linux-x86_64/sysroot -g -DANDROID -fdata-sections -ffunction-sections -funwind-tables -fstack-protector-strong -no-canonical-prefixes -D_FORTIFY_SOURCE=2 -Wformat -Werror=format-security    -static-libstdc++ -Wl,--build-id=sha1 -Wl,--no-rosegment -Wl,--fatal-warnings -Wl,--no-undefined -Qunused-arguments -Wl,--gc-sections   CMakeFiles/cmTC_cd259.dir/CheckIncludeFile.c.o  -o cmTC_cd259  -latomic -lm 
make[1]: Leaving directory '/home/sammy/Pearlapp/.buildozer/android/platform/build-arm64-v8a_armeabi-v7a/build/other_builds/jpeg/arm64-v8a__ndk_target_21/jpeg/CMakeFiles/CMakeTmp'



Determining if the include file stdint.h exists passed with the following output:
Change Dir: /home/sammy/Pearlapp/.buildozer/android/platform/build-arm64-v8a_armeabi-v7a/build/other_builds/jpeg/arm64-v8a__ndk_target_21/jpeg/CMakeFiles/CMakeTmp

Run Build Command(s):/usr/bin/make cmTC_88011/fast && make -j4 -f CMakeFiles/cmTC_88011.dir/build.make CMakeFiles/cmTC_88011.dir/build
make[1]: Entering directory '/home/sammy/Pearlapp/.buildozer/android/platform/build-arm64-v8a_armeabi-v7a/build/other_builds/jpeg/arm64-v8a__ndk_target_21/jpeg/CMakeFiles/CMakeTmp'
Building C object CMakeFiles/cmTC_88011.dir/CheckIncludeFile.c.o
/home/sammy/.buildozer/android/platform/android-ndk-r23b/toolchains/llvm/prebuilt/linux-x86_64/bin/clang --target=aarch64-none-linux-android21 --gcc-toolchain=/home/sammy/.buildozer/android/platform/android-ndk-r23b/toolchains/llvm/prebuilt/linux-x86_64 --sysroot=/home/sammy/.buildozer/android/platform/android-ndk-r23b/toolchains/llvm/prebuilt/linux-x86_64/sysroot   -g -DANDROID -fdata-sections -ffunction-sections -funwind-tables -fstack-protector-strong -no-canonical-prefixes -D_FORTIFY_SOURCE=2 -Wformat -Werror=format-security   -fPIE   -o CMakeFiles/cmTC_88011.dir/CheckIncludeFile.c.o   -c /home/sammy/Pearlapp/.buildozer/android/platform/build-arm64-v8a_armeabi-v7a/build/other_builds/jpeg/arm64-v8a__ndk_target_21/jpeg/CMakeFiles/CMakeTmp/CheckIncludeFile.c
Linking C executable cmTC_88011
/usr/bin/cmake -E cmake_link_script CMakeFiles/cmTC_88011.dir/link.txt --verbose=1
/home/sammy/.buildozer/android/platform/android-ndk-r23b/toolchains/llvm/prebuilt/linux-x86_64/bin/clang --target=aarch64-none-linux-android21 --gcc-toolchain=/home/sammy/.buildozer/android/platform/android-ndk-r23b/toolchains/llvm/prebuilt/linux-x86_64 --sysroot=/home/sammy/.buildozer/android/platform/android-ndk-r23b/toolchains/llvm/prebuilt/linux-x86_64/sysroot -g -DANDROID -fdata-sections -ffunction-sections -funwind-tables -fstack-protector-strong -no-canonical-prefixes -D_FORTIFY_SOURCE=2 -Wformat -Werror=format-security    -static-libstdc++ -Wl,--build-id=sha1 -Wl,--no-rosegment -Wl,--fatal-warnings -Wl,--no-undefined -Qunused-arguments -Wl,--gc-sections   CMakeFiles/cmTC_88011.dir/CheckIncludeFile.c.o  -o cmTC_88011  -latomic -lm 
make[1]: Leaving directory '/home/sammy/Pearlapp/.buildozer/android/platform/build-arm64-v8a_armeabi-v7a/build/other_builds/jpeg/arm64-v8a__ndk_target_21/jpeg/CMakeFiles/CMakeTmp'



Determining if the include file stddef.h exists passed with the following output:
Change Dir: /home/sammy/Pearlapp/.buildozer/android/platform/build-arm64-v8a_armeabi-v7a/build/other_builds/jpeg/arm64-v8a__ndk_target_21/jpeg/CMakeFiles/CMakeTmp

Run Build Command(s):/usr/bin/make cmTC_b3032/fast && make -j4 -f CMakeFiles/cmTC_b3032.dir/build.make CMakeFiles/cmTC_b3032.dir/build
make[1]: Entering directory '/home/sammy/Pearlapp/.buildozer/android/platform/build-arm64-v8a_armeabi-v7a/build/other_builds/jpeg/arm64-v8a__ndk_target_21/jpeg/CMakeFiles/CMakeTmp'
Building C object CMakeFiles/cmTC_b3032.dir/CheckIncludeFile.c.o
/home/sammy/.buildozer/android/platform/android-ndk-r23b/toolchains/llvm/prebuilt/linux-x86_64/bin/clang --target=aarch64-none-linux-android21 --gcc-toolchain=/home/sammy/.buildozer/android/platform/android-ndk-r23b/toolchains/llvm/prebuilt/linux-x86_64 --sysroot=/home/sammy/.buildozer/android/platform/android-ndk-r23b/toolchains/llvm/prebuilt/linux-x86_64/sysroot   -g -DANDROID -fdata-sections -ffunction-sections -funwind-tables -fstack-protector-strong -no-canonical-prefixes -D_FORTIFY_SOURCE=2 -Wformat -Werror=format-security   -fPIE   -o CMakeFiles/cmTC_b3032.dir/CheckIncludeFile.c.o   -c /home/sammy/Pearlapp/.buildozer/android/platform/build-arm64-v8a_armeabi-v7a/build/other_builds/jpeg/arm64-v8a__ndk_target_21/jpeg/CMakeFiles/CMakeTmp/CheckIncludeFile.c
Linking C executable cmTC_b3032
/usr/bin/cmake -E cmake_link_script CMakeFiles/cmTC_b3032.dir/link.txt --verbose=1
/home/sammy/.buildozer/android/platform/android-ndk-r23b/toolchains/llvm/prebuilt/linux-x86_64/bin/clang --target=aarch64-none-linux-android21 --gcc-toolchain=/home/sammy/.buildozer/android/platform/android-ndk-r23b/toolchains/llvm/prebuilt/linux-x86_64 --sysroot=/home/sammy/.buildozer/android/platform/android-ndk-r23b/toolchains/llvm/prebuilt/linux-x86_64/sysroot -g -DANDROID -fdata-sections -ffunction-sections -funwind-tables -fstack-protector-strong -no-canonical-prefixes -D_FORTIFY_SOURCE=2 -Wformat -Werror=format-security    -static-libstdc++ -Wl,--build-id=sha1 -Wl,--no-rosegment -Wl,--fatal-warnings -Wl,--no-undefined -Qunused-arguments -Wl,--gc-sections   CMakeFiles/cmTC_b3032.dir/CheckIncludeFile.c.o  -o cmTC_b3032  -latomic -lm 
make[1]: Leaving directory '/home/sammy/Pearlapp/.buildozer/android/platform/build-arm64-v8a_armeabi-v7a/build/other_builds/jpeg/arm64-v8a__ndk_target_21/jpeg/CMakeFiles/CMakeTmp'



Determining size of size_t passed with the following output:
Change Dir: /home/sammy/Pearlapp/.buildozer/android/platform/build-arm64-v8a_armeabi-v7a/build/other_builds/jpeg/arm64-v8a__ndk_target_21/jpeg/CMakeFiles/CMakeTmp

Run Build Command(s):/usr/bin/make cmTC_fc7f6/fast && make -j4 -f CMakeFiles/cmTC_fc7f6.dir/build.make CMakeFiles/cmTC_fc7f6.dir/build
make[1]: Entering directory '/home/sammy/Pearlapp/.buildozer/android/platform/build-arm64-v8a_armeabi-v7a/build/other_builds/jpeg/arm64-v8a__ndk_target_21/jpeg/CMakeFiles/CMakeTmp'
Building C object CMakeFiles/cmTC_fc7f6.dir/SIZE_T.c.o
/home/sammy/.buildozer/android/platform/android-ndk-r23b/toolchains/llvm/prebuilt/linux-x86_64/bin/clang --target=aarch64-none-linux-android21 --gcc-toolchain=/home/sammy/.buildozer/android/platform/android-ndk-r23b/toolchains/llvm/prebuilt/linux-x86_64 --sysroot=/home/sammy/.buildozer/android/platform/android-ndk-r23b/toolchains/llvm/prebuilt/linux-x86_64/sysroot   -g -DANDROID -fdata-sections -ffunction-sections -funwind-tables -fstack-protector-strong -no-canonical-prefixes -D_FORTIFY_SOURCE=2 -Wformat -Werror=format-security   -fPIE   -o CMakeFiles/cmTC_fc7f6.dir/SIZE_T.c.o   -c /home/sammy/Pearlapp/.buildozer/android/platform/build-arm64-v8a_armeabi-v7a/build/other_builds/jpeg/arm64-v8a__ndk_target_21/jpeg/CMakeFiles/CheckTypeSize/SIZE_T.c
Linking C executable cmTC_fc7f6
/usr/bin/cmake -E cmake_link_script CMakeFiles/cmTC_fc7f6.dir/link.txt --verbose=1
/home/sammy/.buildozer/android/platform/android-ndk-r23b/toolchains/llvm/prebuilt/linux-x86_64/bin/clang --target=aarch64-none-linux-android21 --gcc-toolchain=/home/sammy/.buildozer/android/platform/android-ndk-r23b/toolchains/llvm/prebuilt/linux-x86_64 --sysroot=/home/sammy/.buildozer/android/platform/android-ndk-r23b/toolchains/llvm/prebuilt/linux-x86_64/sysroot -g -DANDROID -fdata-sections -ffunction-sections -funwind-tables -fstack-protector-strong -no-canonical-prefixes -D_FORTIFY_SOURCE=2 -Wformat -Werror=format-security    -static-libstdc++ -Wl,--build-id=sha1 -Wl,--no-rosegment -Wl,--fatal-warnings -Wl,--no-undefined -Qunused-arguments -Wl,--gc-sections   CMakeFiles/cmTC_fc7f6.dir/SIZE_T.c.o  -o cmTC_fc7f6  -latomic -lm 
make[1]: Leaving directory '/home/sammy/Pearlapp/.buildozer/android/platform/build-arm64-v8a_armeabi-v7a/build/other_builds/jpeg/arm64-v8a__ndk_target_21/jpeg/CMakeFiles/CMakeTmp'



Determining size of unsigned long passed with the following output:
Change Dir: /home/sammy/Pearlapp/.buildozer/android/platform/build-arm64-v8a_armeabi-v7a/build/other_builds/jpeg/arm64-v8a__ndk_target_21/jpeg/CMakeFiles/CMakeTmp

Run Build Command(s):/usr/bin/make cmTC_ba066/fast && make -j4 -f CMakeFiles/cmTC_ba066.dir/build.make CMakeFiles/cmTC_ba066.dir/build
make[1]: Entering directory '/home/sammy/Pearlapp/.buildozer/android/platform/build-arm64-v8a_armeabi-v7a/build/other_builds/jpeg/arm64-v8a__ndk_target_21/jpeg/CMakeFiles/CMakeTmp'
Building C object CMakeFiles/cmTC_ba066.dir/UNSIGNED_LONG.c.o
/home/sammy/.buildozer/android/platform/android-ndk-r23b/toolchains/llvm/prebuilt/linux-x86_64/bin/clang --target=aarch64-none-linux-android21 --gcc-toolchain=/home/sammy/.buildozer/android/platform/android-ndk-r23b/toolchains/llvm/prebuilt/linux-x86_64 --sysroot=/home/sammy/.buildozer/android/platform/android-ndk-r23b/toolchains/llvm/prebuilt/linux-x86_64/sysroot   -g -DANDROID -fdata-sections -ffunction-sections -funwind-tables -fstack-protector-strong -no-canonical-prefixes -D_FORTIFY_SOURCE=2 -Wformat -Werror=format-security   -fPIE   -o CMakeFiles/cmTC_ba066.dir/UNSIGNED_LONG.c.o   -c /home/sammy/Pearlapp/.buildozer/android/platform/build-arm64-v8a_armeabi-v7a/build/other_builds/jpeg/arm64-v8a__ndk_target_21/jpeg/CMakeFiles/CheckTypeSize/UNSIGNED_LONG.c
Linking C executable cmTC_ba066
/usr/bin/cmake -E cmake_link_script CMakeFiles/cmTC_ba066.dir/link.txt --verbose=1
/home/sammy/.buildozer/android/platform/android-ndk-r23b/toolchains/llvm/prebuilt/linux-x86_64/bin/clang --target=aarch64-none-linux-android21 --gcc-toolchain=/home/sammy/.buildozer/android/platform/android-ndk-r23b/toolchains/llvm/prebuilt/linux-x86_64 --sysroot=/home/sammy/.buildozer/android/platform/android-ndk-r23b/toolchains/llvm/prebuilt/linux-x86_64/sysroot -g -DANDROID -fdata-sections -ffunction-sections -funwind-tables -fstack-protector-strong -no-canonical-prefixes -D_FORTIFY_SOURCE=2 -Wformat -Werror=format-security    -static-libstdc++ -Wl,--build-id=sha1 -Wl,--no-rosegment -Wl,--fatal-warnings -Wl,--no-undefined -Qunused-arguments -Wl,--gc-sections   CMakeFiles/cmTC_ba066.dir/UNSIGNED_LONG.c.o  -o cmTC_ba066  -latomic -lm 
make[1]: Leaving directory '/home/sammy/Pearlapp/.buildozer/android/platform/build-arm64-v8a_armeabi-v7a/build/other_builds/jpeg/arm64-v8a__ndk_target_21/jpeg/CMakeFiles/CMakeTmp'



Performing C SOURCE FILE Test HAVE_BUILTIN_CTZL succeeded with the following output:
Change Dir: /home/sammy/Pearlapp/.buildozer/android/platform/build-arm64-v8a_armeabi-v7a/build/other_builds/jpeg/arm64-v8a__ndk_target_21/jpeg/CMakeFiles/CMakeTmp

Run Build Command(s):/usr/bin/make cmTC_11340/fast && make -j4 -f CMakeFiles/cmTC_11340.dir/build.make CMakeFiles/cmTC_11340.dir/build
make[1]: Entering directory '/home/sammy/Pearlapp/.buildozer/android/platform/build-arm64-v8a_armeabi-v7a/build/other_builds/jpeg/arm64-v8a__ndk_target_21/jpeg/CMakeFiles/CMakeTmp'
Building C object CMakeFiles/cmTC_11340.dir/src.c.o
/home/sammy/.buildozer/android/platform/android-ndk-r23b/toolchains/llvm/prebuilt/linux-x86_64/bin/clang --target=aarch64-none-linux-android21 --gcc-toolchain=/home/sammy/.buildozer/android/platform/android-ndk-r23b/toolchains/llvm/prebuilt/linux-x86_64 --sysroot=/home/sammy/.buildozer/android/platform/android-ndk-r23b/toolchains/llvm/prebuilt/linux-x86_64/sysroot   -g -DANDROID -fdata-sections -ffunction-sections -funwind-tables -fstack-protector-strong -no-canonical-prefixes -D_FORTIFY_SOURCE=2 -Wformat -Werror=format-security  -DHAVE_BUILTIN_CTZL -fPIE   -o CMakeFiles/cmTC_11340.dir/src.c.o   -c /home/sammy/Pearlapp/.buildozer/android/platform/build-arm64-v8a_armeabi-v7a/build/other_builds/jpeg/arm64-v8a__ndk_target_21/jpeg/CMakeFiles/CMakeTmp/src.c
Linking C executable cmTC_11340
/usr/bin/cmake -E cmake_link_script CMakeFiles/cmTC_11340.dir/link.txt --verbose=1
/home/sammy/.buildozer/android/platform/android-ndk-r23b/toolchains/llvm/prebuilt/linux-x86_64/bin/clang --target=aarch64-none-linux-android21 --gcc-toolchain=/home/sammy/.buildozer/android/platform/android-ndk-r23b/toolchains/llvm/prebuilt/linux-x86_64 --sysroot=/home/sammy/.buildozer/android/platform/android-ndk-r23b/toolchains/llvm/prebuilt/linux-x86_64/sysroot -g -DANDROID -fdata-sections -ffunction-sections -funwind-tables -fstack-protector-strong -no-canonical-prefixes -D_FORTIFY_SOURCE=2 -Wformat -Werror=format-security  -DHAVE_BUILTIN_CTZL  -static-libstdc++ -Wl,--build-id=sha1 -Wl,--no-rosegment -Wl,--fatal-warnings -Wl,--no-undefined -Qunused-arguments -Wl,--gc-sections   CMakeFiles/cmTC_11340.dir/src.c.o  -o cmTC_11340  -latomic -lm 
make[1]: Leaving directory '/home/sammy/Pearlapp/.buildozer/android/platform/build-arm64-v8a_armeabi-v7a/build/other_builds/jpeg/arm64-v8a__ndk_target_21/jpeg/CMakeFiles/CMakeTmp'


Source file was:
int main(int argc, char **argv) { unsigned long a = argc;  return __builtin_ctzl(a); }
Determining if files locale.h exist passed with the following output:
Change Dir: /home/sammy/Pearlapp/.buildozer/android/platform/build-arm64-v8a_armeabi-v7a/build/other_builds/jpeg/arm64-v8a__ndk_target_21/jpeg/CMakeFiles/CMakeTmp

Run Build Command(s):/usr/bin/make cmTC_e604b/fast && make -j4 -f CMakeFiles/cmTC_e604b.dir/build.make CMakeFiles/cmTC_e604b.dir/build
make[1]: Entering directory '/home/sammy/Pearlapp/.buildozer/android/platform/build-arm64-v8a_armeabi-v7a/build/other_builds/jpeg/arm64-v8a__ndk_target_21/jpeg/CMakeFiles/CMakeTmp'
Building C object CMakeFiles/cmTC_e604b.dir/HAVE_LOCALE_H.c.o
/home/sammy/.buildozer/android/platform/android-ndk-r23b/toolchains/llvm/prebuilt/linux-x86_64/bin/clang --target=aarch64-none-linux-android21 --gcc-toolchain=/home/sammy/.buildozer/android/platform/android-ndk-r23b/toolchains/llvm/prebuilt/linux-x86_64 --sysroot=/home/sammy/.buildozer/android/platform/android-ndk-r23b/toolchains/llvm/prebuilt/linux-x86_64/sysroot   -g -DANDROID -fdata-sections -ffunction-sections -funwind-tables -fstack-protector-strong -no-canonical-prefixes -D_FORTIFY_SOURCE=2 -Wformat -Werror=format-security   -fPIE   -o CMakeFiles/cmTC_e604b.dir/HAVE_LOCALE_H.c.o   -c /home/sammy/Pearlapp/.buildozer/android/platform/build-arm64-v8a_armeabi-v7a/build/other_builds/jpeg/arm64-v8a__ndk_target_21/jpeg/CMakeFiles/CheckIncludeFiles/HAVE_LOCALE_H.c
Linking C executable cmTC_e604b
/usr/bin/cmake -E cmake_link_script CMakeFiles/cmTC_e604b.dir/link.txt --verbose=1
/home/sammy/.buildozer/android/platform/android-ndk-r23b/toolchains/llvm/prebuilt/linux-x86_64/bin/clang --target=aarch64-none-linux-android21 --gcc-toolchain=/home/sammy/.buildozer/android/platform/android-ndk-r23b/toolchains/llvm/prebuilt/linux-x86_64 --sysroot=/home/sammy/.buildozer/android/platform/android-ndk-r23b/toolchains/llvm/prebuilt/linux-x86_64/sysroot -g -DANDROID -fdata-sections -ffunction-sections -funwind-tables -fstack-protector-strong -no-canonical-prefixes -D_FORTIFY_SOURCE=2 -Wformat -Werror=format-security    -static-libstdc++ -Wl,--build-id=sha1 -Wl,--no-rosegment -Wl,--fatal-warnings -Wl,--no-undefined -Qunused-arguments -Wl,--gc-sections   CMakeFiles/cmTC_e604b.dir/HAVE_LOCALE_H.c.o  -o cmTC_e604b  -latomic -lm 
make[1]: Leaving directory '/home/sammy/Pearlapp/.buildozer/android/platform/build-arm64-v8a_armeabi-v7a/build/other_builds/jpeg/arm64-v8a__ndk_target_21/jpeg/CMakeFiles/CMakeTmp'



Determining if files stdlib.h exist passed with the following output:
Change Dir: /home/sammy/Pearlapp/.buildozer/android/platform/build-arm64-v8a_armeabi-v7a/build/other_builds/jpeg/arm64-v8a__ndk_target_21/jpeg/CMakeFiles/CMakeTmp

Run Build Command(s):/usr/bin/make cmTC_195f8/fast && make -j4 -f CMakeFiles/cmTC_195f8.dir/build.make CMakeFiles/cmTC_195f8.dir/build
make[1]: Entering directory '/home/sammy/Pearlapp/.buildozer/android/platform/build-arm64-v8a_armeabi-v7a/build/other_builds/jpeg/arm64-v8a__ndk_target_21/jpeg/CMakeFiles/CMakeTmp'
Building C object CMakeFiles/cmTC_195f8.dir/HAVE_STDLIB_H.c.o
/home/sammy/.buildozer/android/platform/android-ndk-r23b/toolchains/llvm/prebuilt/linux-x86_64/bin/clang --target=aarch64-none-linux-android21 --gcc-toolchain=/home/sammy/.buildozer/android/platform/android-ndk-r23b/toolchains/llvm/prebuilt/linux-x86_64 --sysroot=/home/sammy/.buildozer/android/platform/android-ndk-r23b/toolchains/llvm/prebuilt/linux-x86_64/sysroot   -g -DANDROID -fdata-sections -ffunction-sections -funwind-tables -fstack-protector-strong -no-canonical-prefixes -D_FORTIFY_SOURCE=2 -Wformat -Werror=format-security   -fPIE   -o CMakeFiles/cmTC_195f8.dir/HAVE_STDLIB_H.c.o   -c /home/sammy/Pearlapp/.buildozer/android/platform/build-arm64-v8a_armeabi-v7a/build/other_builds/jpeg/arm64-v8a__ndk_target_21/jpeg/CMakeFiles/CheckIncludeFiles/HAVE_STDLIB_H.c
Linking C executable cmTC_195f8
/usr/bin/cmake -E cmake_link_script CMakeFiles/cmTC_195f8.dir/link.txt --verbose=1
/home/sammy/.buildozer/android/platform/android-ndk-r23b/toolchains/llvm/prebuilt/linux-x86_64/bin/clang --target=aarch64-none-linux-android21 --gcc-toolchain=/home/sammy/.buildozer/android/platform/android-ndk-r23b/toolchains/llvm/prebuilt/linux-x86_64 --sysroot=/home/sammy/.buildozer/android/platform/android-ndk-r23b/toolchains/llvm/prebuilt/linux-x86_64/sysroot -g -DANDROID -fdata-sections -ffunction-sections -funwind-tables -fstack-protector-strong -no-canonical-prefixes -D_FORTIFY_SOURCE=2 -Wformat -Werror=format-security    -static-libstdc++ -Wl,--build-id=sha1 -Wl,--no-rosegment -Wl,--fatal-warnings -Wl,--no-undefined -Qunused-arguments -Wl,--gc-sections   CMakeFiles/cmTC_195f8.dir/HAVE_STDLIB_H.c.o  -o cmTC_195f8  -latomic -lm 
make[1]: Leaving directory '/home/sammy/Pearlapp/.buildozer/android/platform/build-arm64-v8a_armeabi-v7a/build/other_builds/jpeg/arm64-v8a__ndk_target_21/jpeg/CMakeFiles/CMakeTmp'



Determining if files sys/types.h exist passed with the following output:
Change Dir: /home/sammy/Pearlapp/.buildozer/android/platform/build-arm64-v8a_armeabi-v7a/build/other_builds/jpeg/arm64-v8a__ndk_target_21/jpeg/CMakeFiles/CMakeTmp

Run Build Command(s):/usr/bin/make cmTC_0ff83/fast && make -j4 -f CMakeFiles/cmTC_0ff83.dir/build.make CMakeFiles/cmTC_0ff83.dir/build
make[1]: Entering directory '/home/sammy/Pearlapp/.buildozer/android/platform/build-arm64-v8a_armeabi-v7a/build/other_builds/jpeg/arm64-v8a__ndk_target_21/jpeg/CMakeFiles/CMakeTmp'
Building C object CMakeFiles/cmTC_0ff83.dir/NEED_SYS_TYPES_H.c.o
/home/sammy/.buildozer/android/platform/android-ndk-r23b/toolchains/llvm/prebuilt/linux-x86_64/bin/clang --target=aarch64-none-linux-android21 --gcc-toolchain=/home/sammy/.buildozer/android/platform/android-ndk-r23b/toolchains/llvm/prebuilt/linux-x86_64 --sysroot=/home/sammy/.buildozer/android/platform/android-ndk-r23b/toolchains/llvm/prebuilt/linux-x86_64/sysroot   -g -DANDROID -fdata-sections -ffunction-sections -funwind-tables -fstack-protector-strong -no-canonical-prefixes -D_FORTIFY_SOURCE=2 -Wformat -Werror=format-security   -fPIE   -o CMakeFiles/cmTC_0ff83.dir/NEED_SYS_TYPES_H.c.o   -c /home/sammy/Pearlapp/.buildozer/android/platform/build-arm64-v8a_armeabi-v7a/build/other_builds/jpeg/arm64-v8a__ndk_target_21/jpeg/CMakeFiles/CheckIncludeFiles/NEED_SYS_TYPES_H.c
Linking C executable cmTC_0ff83
/usr/bin/cmake -E cmake_link_script CMakeFiles/cmTC_0ff83.dir/link.txt --verbose=1
/home/sammy/.buildozer/android/platform/android-ndk-r23b/toolchains/llvm/prebuilt/linux-x86_64/bin/clang --target=aarch64-none-linux-android21 --gcc-toolchain=/home/sammy/.buildozer/android/platform/android-ndk-r23b/toolchains/llvm/prebuilt/linux-x86_64 --sysroot=/home/sammy/.buildozer/android/platform/android-ndk-r23b/toolchains/llvm/prebuilt/linux-x86_64/sysroot -g -DANDROID -fdata-sections -ffunction-sections -funwind-tables -fstack-protector-strong -no-canonical-prefixes -D_FORTIFY_SOURCE=2 -Wformat -Werror=format-security    -static-libstdc++ -Wl,--build-id=sha1 -Wl,--no-rosegment -Wl,--fatal-warnings -Wl,--no-undefined -Qunused-arguments -Wl,--gc-sections   CMakeFiles/cmTC_0ff83.dir/NEED_SYS_TYPES_H.c.o  -o cmTC_0ff83  -latomic -lm 
make[1]: Leaving directory '/home/sammy/Pearlapp/.buildozer/android/platform/build-arm64-v8a_armeabi-v7a/build/other_builds/jpeg/arm64-v8a__ndk_target_21/jpeg/CMakeFiles/CMakeTmp'



Determining if the memset exist passed with the following output:
Change Dir: /home/sammy/Pearlapp/.buildozer/android/platform/build-arm64-v8a_armeabi-v7a/build/other_builds/jpeg/arm64-v8a__ndk_target_21/jpeg/CMakeFiles/CMakeTmp

Run Build Command(s):/usr/bin/make cmTC_62303/fast && make -j4 -f CMakeFiles/cmTC_62303.dir/build.make CMakeFiles/cmTC_62303.dir/build
make[1]: Entering directory '/home/sammy/Pearlapp/.buildozer/android/platform/build-arm64-v8a_armeabi-v7a/build/other_builds/jpeg/arm64-v8a__ndk_target_21/jpeg/CMakeFiles/CMakeTmp'
Building C object CMakeFiles/cmTC_62303.dir/CheckSymbolExists.c.o
/home/sammy/.buildozer/android/platform/android-ndk-r23b/toolchains/llvm/prebuilt/linux-x86_64/bin/clang --target=aarch64-none-linux-android21 --gcc-toolchain=/home/sammy/.buildozer/android/platform/android-ndk-r23b/toolchains/llvm/prebuilt/linux-x86_64 --sysroot=/home/sammy/.buildozer/android/platform/android-ndk-r23b/toolchains/llvm/prebuilt/linux-x86_64/sysroot   -g -DANDROID -fdata-sections -ffunction-sections -funwind-tables -fstack-protector-strong -no-canonical-prefixes -D_FORTIFY_SOURCE=2 -Wformat -Werror=format-security   -fPIE   -o CMakeFiles/cmTC_62303.dir/CheckSymbolExists.c.o   -c /home/sammy/Pearlapp/.buildozer/android/platform/build-arm64-v8a_armeabi-v7a/build/other_builds/jpeg/arm64-v8a__ndk_target_21/jpeg/CMakeFiles/CMakeTmp/CheckSymbolExists.c
Linking C executable cmTC_62303
/usr/bin/cmake -E cmake_link_script CMakeFiles/cmTC_62303.dir/link.txt --verbose=1
/home/sammy/.buildozer/android/platform/android-ndk-r23b/toolchains/llvm/prebuilt/linux-x86_64/bin/clang --target=aarch64-none-linux-android21 --gcc-toolchain=/home/sammy/.buildozer/android/platform/android-ndk-r23b/toolchains/llvm/prebuilt/linux-x86_64 --sysroot=/home/sammy/.buildozer/android/platform/android-ndk-r23b/toolchains/llvm/prebuilt/linux-x86_64/sysroot -g -DANDROID -fdata-sections -ffunction-sections -funwind-tables -fstack-protector-strong -no-canonical-prefixes -D_FORTIFY_SOURCE=2 -Wformat -Werror=format-security    -static-libstdc++ -Wl,--build-id=sha1 -Wl,--no-rosegment -Wl,--fatal-warnings -Wl,--no-undefined -Qunused-arguments -Wl,--gc-sections   CMakeFiles/cmTC_62303.dir/CheckSymbolExists.c.o  -o cmTC_62303  -latomic -lm 
make[1]: Leaving directory '/home/sammy/Pearlapp/.buildozer/android/platform/build-arm64-v8a_armeabi-v7a/build/other_builds/jpeg/arm64-v8a__ndk_target_21/jpeg/CMakeFiles/CMakeTmp'


File /home/sammy/Pearlapp/.buildozer/android/platform/build-arm64-v8a_armeabi-v7a/build/other_builds/jpeg/arm64-v8a__ndk_target_21/jpeg/CMakeFiles/CMakeTmp/CheckSymbolExists.c:
/* */
#include <string.h>

int main(int argc, char** argv)
{
  (void)argv;
#ifndef memset
  return ((int*)(&memset))[argc];
#else
  (void)argc;
  return 0;
#endif
}
Determining if the memcpy exist passed with the following output:
Change Dir: /home/sammy/Pearlapp/.buildozer/android/platform/build-arm64-v8a_armeabi-v7a/build/other_builds/jpeg/arm64-v8a__ndk_target_21/jpeg/CMakeFiles/CMakeTmp

Run Build Command(s):/usr/bin/make cmTC_f618a/fast && make -j4 -f CMakeFiles/cmTC_f618a.dir/build.make CMakeFiles/cmTC_f618a.dir/build
make[1]: Entering directory '/home/sammy/Pearlapp/.buildozer/android/platform/build-arm64-v8a_armeabi-v7a/build/other_builds/jpeg/arm64-v8a__ndk_target_21/jpeg/CMakeFiles/CMakeTmp'
Building C object CMakeFiles/cmTC_f618a.dir/CheckSymbolExists.c.o
/home/sammy/.buildozer/android/platform/android-ndk-r23b/toolchains/llvm/prebuilt/linux-x86_64/bin/clang --target=aarch64-none-linux-android21 --gcc-toolchain=/home/sammy/.buildozer/android/platform/android-ndk-r23b/toolchains/llvm/prebuilt/linux-x86_64 --sysroot=/home/sammy/.buildozer/android/platform/android-ndk-r23b/toolchains/llvm/prebuilt/linux-x86_64/sysroot   -g -DANDROID -fdata-sections -ffunction-sections -funwind-tables -fstack-protector-strong -no-canonical-prefixes -D_FORTIFY_SOURCE=2 -Wformat -Werror=format-security   -fPIE   -o CMakeFiles/cmTC_f618a.dir/CheckSymbolExists.c.o   -c /home/sammy/Pearlapp/.buildozer/android/platform/build-arm64-v8a_armeabi-v7a/build/other_builds/jpeg/arm64-v8a__ndk_target_21/jpeg/CMakeFiles/CMakeTmp/CheckSymbolExists.c
Linking C executable cmTC_f618a
/usr/bin/cmake -E cmake_link_script CMakeFiles/cmTC_f618a.dir/link.txt --verbose=1
/home/sammy/.buildozer/android/platform/android-ndk-r23b/toolchains/llvm/prebuilt/linux-x86_64/bin/clang --target=aarch64-none-linux-android21 --gcc-toolchain=/home/sammy/.buildozer/android/platform/android-ndk-r23b/toolchains/llvm/prebuilt/linux-x86_64 --sysroot=/home/sammy/.buildozer/android/platform/android-ndk-r23b/toolchains/llvm/prebuilt/linux-x86_64/sysroot -g -DANDROID -fdata-sections -ffunction-sections -funwind-tables -fstack-protector-strong -no-canonical-prefixes -D_FORTIFY_SOURCE=2 -Wformat -Werror=format-security    -static-libstdc++ -Wl,--build-id=sha1 -Wl,--no-rosegment -Wl,--fatal-warnings -Wl,--no-undefined -Qunused-arguments -Wl,--gc-sections   CMakeFiles/cmTC_f618a.dir/CheckSymbolExists.c.o  -o cmTC_f618a  -latomic -lm 
make[1]: Leaving directory '/home/sammy/Pearlapp/.buildozer/android/platform/build-arm64-v8a_armeabi-v7a/build/other_builds/jpeg/arm64-v8a__ndk_target_21/jpeg/CMakeFiles/CMakeTmp'


File /home/sammy/Pearlapp/.buildozer/android/platform/build-arm64-v8a_armeabi-v7a/build/other_builds/jpeg/arm64-v8a__ndk_target_21/jpeg/CMakeFiles/CMakeTmp/CheckSymbolExists.c:
/* */
#include <string.h>

int main(int argc, char** argv)
{
  (void)argv;
#ifndef memcpy
  return ((int*)(&memcpy))[argc];
#else
  (void)argc;
  return 0;
#endif
}
Determining size of unsigned char passed with the following output:
Change Dir: /home/sammy/Pearlapp/.buildozer/android/platform/build-arm64-v8a_armeabi-v7a/build/other_builds/jpeg/arm64-v8a__ndk_target_21/jpeg/CMakeFiles/CMakeTmp

Run Build Command(s):/usr/bin/make cmTC_33293/fast && make -j4 -f CMakeFiles/cmTC_33293.dir/build.make CMakeFiles/cmTC_33293.dir/build
make[1]: Entering directory '/home/sammy/Pearlapp/.buildozer/android/platform/build-arm64-v8a_armeabi-v7a/build/other_builds/jpeg/arm64-v8a__ndk_target_21/jpeg/CMakeFiles/CMakeTmp'
Building C object CMakeFiles/cmTC_33293.dir/UNSIGNED_CHAR.c.o
/home/sammy/.buildozer/android/platform/android-ndk-r23b/toolchains/llvm/prebuilt/linux-x86_64/bin/clang --target=aarch64-none-linux-android21 --gcc-toolchain=/home/sammy/.buildozer/android/platform/android-ndk-r23b/toolchains/llvm/prebuilt/linux-x86_64 --sysroot=/home/sammy/.buildozer/android/platform/android-ndk-r23b/toolchains/llvm/prebuilt/linux-x86_64/sysroot   -g -DANDROID -fdata-sections -ffunction-sections -funwind-tables -fstack-protector-strong -no-canonical-prefixes -D_FORTIFY_SOURCE=2 -Wformat -Werror=format-security   -fPIE   -o CMakeFiles/cmTC_33293.dir/UNSIGNED_CHAR.c.o   -c /home/sammy/Pearlapp/.buildozer/android/platform/build-arm64-v8a_armeabi-v7a/build/other_builds/jpeg/arm64-v8a__ndk_target_21/jpeg/CMakeFiles/CheckTypeSize/UNSIGNED_CHAR.c
Linking C executable cmTC_33293
/usr/bin/cmake -E cmake_link_script CMakeFiles/cmTC_33293.dir/link.txt --verbose=1
/home/sammy/.buildozer/android/platform/android-ndk-r23b/toolchains/llvm/prebuilt/linux-x86_64/bin/clang --target=aarch64-none-linux-android21 --gcc-toolchain=/home/sammy/.buildozer/android/platform/android-ndk-r23b/toolchains/llvm/prebuilt/linux-x86_64 --sysroot=/home/sammy/.buildozer/android/platform/android-ndk-r23b/toolchains/llvm/prebuilt/linux-x86_64/sysroot -g -DANDROID -fdata-sections -ffunction-sections -funwind-tables -fstack-protector-strong -no-canonical-prefixes -D_FORTIFY_SOURCE=2 -Wformat -Werror=format-security    -static-libstdc++ -Wl,--build-id=sha1 -Wl,--no-rosegment -Wl,--fatal-warnings -Wl,--no-undefined -Qunused-arguments -Wl,--gc-sections   CMakeFiles/cmTC_33293.dir/UNSIGNED_CHAR.c.o  -o cmTC_33293  -latomic -lm 
make[1]: Leaving directory '/home/sammy/Pearlapp/.buildozer/android/platform/build-arm64-v8a_armeabi-v7a/build/other_builds/jpeg/arm64-v8a__ndk_target_21/jpeg/CMakeFiles/CMakeTmp'



Determining size of unsigned short passed with the following output:
Change Dir: /home/sammy/Pearlapp/.buildozer/android/platform/build-arm64-v8a_armeabi-v7a/build/other_builds/jpeg/arm64-v8a__ndk_target_21/jpeg/CMakeFiles/CMakeTmp

Run Build Command(s):/usr/bin/make cmTC_3ba53/fast && make -j4 -f CMakeFiles/cmTC_3ba53.dir/build.make CMakeFiles/cmTC_3ba53.dir/build
make[1]: Entering directory '/home/sammy/Pearlapp/.buildozer/android/platform/build-arm64-v8a_armeabi-v7a/build/other_builds/jpeg/arm64-v8a__ndk_target_21/jpeg/CMakeFiles/CMakeTmp'
Building C object CMakeFiles/cmTC_3ba53.dir/UNSIGNED_SHORT.c.o
/home/sammy/.buildozer/android/platform/android-ndk-r23b/toolchains/llvm/prebuilt/linux-x86_64/bin/clang --target=aarch64-none-linux-android21 --gcc-toolchain=/home/sammy/.buildozer/android/platform/android-ndk-r23b/toolchains/llvm/prebuilt/linux-x86_64 --sysroot=/home/sammy/.buildozer/android/platform/android-ndk-r23b/toolchains/llvm/prebuilt/linux-x86_64/sysroot   -g -DANDROID -fdata-sections -ffunction-sections -funwind-tables -fstack-protector-strong -no-canonical-prefixes -D_FORTIFY_SOURCE=2 -Wformat -Werror=format-security   -fPIE   -o CMakeFiles/cmTC_3ba53.dir/UNSIGNED_SHORT.c.o   -c /home/sammy/Pearlapp/.buildozer/android/platform/build-arm64-v8a_armeabi-v7a/build/other_builds/jpeg/arm64-v8a__ndk_target_21/jpeg/CMakeFiles/CheckTypeSize/UNSIGNED_SHORT.c
Linking C executable cmTC_3ba53
/usr/bin/cmake -E cmake_link_script CMakeFiles/cmTC_3ba53.dir/link.txt --verbose=1
/home/sammy/.buildozer/android/platform/android-ndk-r23b/toolchains/llvm/prebuilt/linux-x86_64/bin/clang --target=aarch64-none-linux-android21 --gcc-toolchain=/home/sammy/.buildozer/android/platform/android-ndk-r23b/toolchains/llvm/prebuilt/linux-x86_64 --sysroot=/home/sammy/.buildozer/android/platform/android-ndk-r23b/toolchains/llvm/prebuilt/linux-x86_64/sysroot -g -DANDROID -fdata-sections -ffunction-sections -funwind-tables -fstack-protector-strong -no-canonical-prefixes -D_FORTIFY_SOURCE=2 -Wformat -Werror=format-security    -static-libstdc++ -Wl,--build-id=sha1 -Wl,--no-rosegment -Wl,--fatal-warnings -Wl,--no-undefined -Qunused-arguments -Wl,--gc-sections   CMakeFiles/cmTC_3ba53.dir/UNSIGNED_SHORT.c.o  -o cmTC_3ba53  -latomic -lm 
make[1]: Leaving directory '/home/sammy/Pearlapp/.buildozer/android/platform/build-arm64-v8a_armeabi-v7a/build/other_builds/jpeg/arm64-v8a__ndk_target_21/jpeg/CMakeFiles/CMakeTmp'



Performing C SOURCE FILE Test INCOMPLETE_TYPES succeeded with the following output:
Change Dir: /home/sammy/Pearlapp/.buildozer/android/platform/build-arm64-v8a_armeabi-v7a/build/other_builds/jpeg/arm64-v8a__ndk_target_21/jpeg/CMakeFiles/CMakeTmp

Run Build Command(s):/usr/bin/make cmTC_96a88/fast && make -j4 -f CMakeFiles/cmTC_96a88.dir/build.make CMakeFiles/cmTC_96a88.dir/build
make[1]: Entering directory '/home/sammy/Pearlapp/.buildozer/android/platform/build-arm64-v8a_armeabi-v7a/build/other_builds/jpeg/arm64-v8a__ndk_target_21/jpeg/CMakeFiles/CMakeTmp'
Building C object CMakeFiles/cmTC_96a88.dir/src.c.o
/home/sammy/.buildozer/android/platform/android-ndk-r23b/toolchains/llvm/prebuilt/linux-x86_64/bin/clang --target=aarch64-none-linux-android21 --gcc-toolchain=/home/sammy/.buildozer/android/platform/android-ndk-r23b/toolchains/llvm/prebuilt/linux-x86_64 --sysroot=/home/sammy/.buildozer/android/platform/android-ndk-r23b/toolchains/llvm/prebuilt/linux-x86_64/sysroot   -g -DANDROID -fdata-sections -ffunction-sections -funwind-tables -fstack-protector-strong -no-canonical-prefixes -D_FORTIFY_SOURCE=2 -Wformat -Werror=format-security  -DINCOMPLETE_TYPES -fPIE   -o CMakeFiles/cmTC_96a88.dir/src.c.o   -c /home/sammy/Pearlapp/.buildozer/android/platform/build-arm64-v8a_armeabi-v7a/build/other_builds/jpeg/arm64-v8a__ndk_target_21/jpeg/CMakeFiles/CMakeTmp/src.c
Linking C executable cmTC_96a88
/usr/bin/cmake -E cmake_link_script CMakeFiles/cmTC_96a88.dir/link.txt --verbose=1
/home/sammy/.buildozer/android/platform/android-ndk-r23b/toolchains/llvm/prebuilt/linux-x86_64/bin/clang --target=aarch64-none-linux-android21 --gcc-toolchain=/home/sammy/.buildozer/android/platform/android-ndk-r23b/toolchains/llvm/prebuilt/linux-x86_64 --sysroot=/home/sammy/.buildozer/android/platform/android-ndk-r23b/toolchains/llvm/prebuilt/linux-x86_64/sysroot -g -DANDROID -fdata-sections -ffunction-sections -funwind-tables -fstack-protector-strong -no-canonical-prefixes -D_FORTIFY_SOURCE=2 -Wformat -Werror=format-security  -DINCOMPLETE_TYPES  -static-libstdc++ -Wl,--build-id=sha1 -Wl,--no-rosegment -Wl,--fatal-warnings -Wl,--no-undefined -Qunused-arguments -Wl,--gc-sections   CMakeFiles/cmTC_96a88.dir/src.c.o  -o cmTC_96a88  -latomic -lm 
make[1]: Leaving directory '/home/sammy/Pearlapp/.buildozer/android/platform/build-arm64-v8a_armeabi-v7a/build/other_builds/jpeg/arm64-v8a__ndk_target_21/jpeg/CMakeFiles/CMakeTmp'


Source file was:
int main(void) { typedef struct undefined_structure *undef_struct_ptr;  undef_struct_ptr ptr = 0;  return ptr != 0; }
Performing C SOURCE FILE Test INLINE_WORKS succeeded with the following output:
Change Dir: /home/sammy/Pearlapp/.buildozer/android/platform/build-arm64-v8a_armeabi-v7a/build/other_builds/jpeg/arm64-v8a__ndk_target_21/jpeg/CMakeFiles/CMakeTmp

Run Build Command(s):/usr/bin/make cmTC_1f9ac/fast && make -j4 -f CMakeFiles/cmTC_1f9ac.dir/build.make CMakeFiles/cmTC_1f9ac.dir/build
make[1]: Entering directory '/home/sammy/Pearlapp/.buildozer/android/platform/build-arm64-v8a_armeabi-v7a/build/other_builds/jpeg/arm64-v8a__ndk_target_21/jpeg/CMakeFiles/CMakeTmp'
Building C object CMakeFiles/cmTC_1f9ac.dir/src.c.o
/home/sammy/.buildozer/android/platform/android-ndk-r23b/toolchains/llvm/prebuilt/linux-x86_64/bin/clang --target=aarch64-none-linux-android21 --gcc-toolchain=/home/sammy/.buildozer/android/platform/android-ndk-r23b/toolchains/llvm/prebuilt/linux-x86_64 --sysroot=/home/sammy/.buildozer/android/platform/android-ndk-r23b/toolchains/llvm/prebuilt/linux-x86_64/sysroot   -g -DANDROID -fdata-sections -ffunction-sections -funwind-tables -fstack-protector-strong -no-canonical-prefixes -D_FORTIFY_SOURCE=2 -Wformat -Werror=format-security  -DINLINE_WORKS -fPIE   -o CMakeFiles/cmTC_1f9ac.dir/src.c.o   -c /home/sammy/Pearlapp/.buildozer/android/platform/build-arm64-v8a_armeabi-v7a/build/other_builds/jpeg/arm64-v8a__ndk_target_21/jpeg/CMakeFiles/CMakeTmp/src.c
Linking C executable cmTC_1f9ac
/usr/bin/cmake -E cmake_link_script CMakeFiles/cmTC_1f9ac.dir/link.txt --verbose=1
/home/sammy/.buildozer/android/platform/android-ndk-r23b/toolchains/llvm/prebuilt/linux-x86_64/bin/clang --target=aarch64-none-linux-android21 --gcc-toolchain=/home/sammy/.buildozer/android/platform/android-ndk-r23b/toolchains/llvm/prebuilt/linux-x86_64 --sysroot=/home/sammy/.buildozer/android/platform/android-ndk-r23b/toolchains/llvm/prebuilt/linux-x86_64/sysroot -g -DANDROID -fdata-sections -ffunction-sections -funwind-tables -fstack-protector-strong -no-canonical-prefixes -D_FORTIFY_SOURCE=2 -Wformat -Werror=format-security  -DINLINE_WORKS  -static-libstdc++ -Wl,--build-id=sha1 -Wl,--no-rosegment -Wl,--fatal-warnings -Wl,--no-undefined -Qunused-arguments -Wl,--gc-sections   CMakeFiles/cmTC_1f9ac.dir/src.c.o  -o cmTC_1f9ac  -latomic -lm 
make[1]: Leaving directory '/home/sammy/Pearlapp/.buildozer/android/platform/build-arm64-v8a_armeabi-v7a/build/other_builds/jpeg/arm64-v8a__ndk_target_21/jpeg/CMakeFiles/CMakeTmp'


Source file was:
__inline__ __attribute__((always_inline)) static int foo(void) { return 0; } int main(void) { return foo(); }
Performing C SOURCE FILE Test HAVE_VERSION_SCRIPT succeeded with the following output:
Change Dir: /home/sammy/Pearlapp/.buildozer/android/platform/build-arm64-v8a_armeabi-v7a/build/other_builds/jpeg/arm64-v8a__ndk_target_21/jpeg/CMakeFiles/CMakeTmp

Run Build Command(s):/usr/bin/make cmTC_def34/fast && make -j4 -f CMakeFiles/cmTC_def34.dir/build.make CMakeFiles/cmTC_def34.dir/build
make[1]: Entering directory '/home/sammy/Pearlapp/.buildozer/android/platform/build-arm64-v8a_armeabi-v7a/build/other_builds/jpeg/arm64-v8a__ndk_target_21/jpeg/CMakeFiles/CMakeTmp'
Building C object CMakeFiles/cmTC_def34.dir/src.c.o
/home/sammy/.buildozer/android/platform/android-ndk-r23b/toolchains/llvm/prebuilt/linux-x86_64/bin/clang --target=aarch64-none-linux-android21 --gcc-toolchain=/home/sammy/.buildozer/android/platform/android-ndk-r23b/toolchains/llvm/prebuilt/linux-x86_64 --sysroot=/home/sammy/.buildozer/android/platform/android-ndk-r23b/toolchains/llvm/prebuilt/linux-x86_64/sysroot   -g -DANDROID -fdata-sections -ffunction-sections -funwind-tables -fstack-protector-strong -no-canonical-prefixes -D_FORTIFY_SOURCE=2 -Wformat -Werror=format-security  -DHAVE_VERSION_SCRIPT -Wl,--version-script,/home/sammy/Pearlapp/.buildozer/android/platform/build-arm64-v8a_armeabi-v7a/build/other_builds/jpeg/arm64-v8a__ndk_target_21/jpeg/conftest.map -fPIE   -o CMakeFiles/cmTC_def34.dir/src.c.o   -c /home/sammy/Pearlapp/.buildozer/android/platform/build-arm64-v8a_armeabi-v7a/build/other_builds/jpeg/arm64-v8a__ndk_target_21/jpeg/CMakeFiles/CMakeTmp/src.c
clang: warning: -Wl,--version-script,/home/sammy/Pearlapp/.buildozer/android/platform/build-arm64-v8a_armeabi-v7a/build/other_builds/jpeg/arm64-v8a__ndk_target_21/jpeg/conftest.map: 'linker' input unused [-Wunused-command-line-argument]
Linking C executable cmTC_def34
/usr/bin/cmake -E cmake_link_script CMakeFiles/cmTC_def34.dir/link.txt --verbose=1
/home/sammy/.buildozer/android/platform/android-ndk-r23b/toolchains/llvm/prebuilt/linux-x86_64/bin/clang --target=aarch64-none-linux-android21 --gcc-toolchain=/home/sammy/.buildozer/android/platform/android-ndk-r23b/toolchains/llvm/prebuilt/linux-x86_64 --sysroot=/home/sammy/.buildozer/android/platform/android-ndk-r23b/toolchains/llvm/prebuilt/linux-x86_64/sysroot -g -DANDROID -fdata-sections -ffunction-sections -funwind-tables -fstack-protector-strong -no-canonical-prefixes -D_FORTIFY_SOURCE=2 -Wformat -Werror=format-security  -DHAVE_VERSION_SCRIPT -Wl,--version-script,/home/sammy/Pearlapp/.buildozer/android/platform/build-arm64-v8a_armeabi-v7a/build/other_builds/jpeg/arm64-v8a__ndk_target_21/jpeg/conftest.map  -static-libstdc++ -Wl,--build-id=sha1 -Wl,--no-rosegment -Wl,--fatal-warnings -Wl,--no-undefined -Qunused-arguments -Wl,--gc-sections   CMakeFiles/cmTC_def34.dir/src.c.o  -o cmTC_def34  -latomic -lm 
make[1]: Leaving directory '/home/sammy/Pearlapp/.buildozer/android/platform/build-arm64-v8a_armeabi-v7a/build/other_builds/jpeg/arm64-v8a__ndk_target_21/jpeg/CMakeFiles/CMakeTmp'


Source file was:
int main(void) { return 0; }
Checking whether the ASM compiler is Clang using "--version" matched "(clang version)":
Android (7714059, based on r416183c1) clang version 12.0.8 (https://android.googlesource.com/toolchain/llvm-project c935d99d7cf2016289302412d708641d52d2f7ee)
Target: x86_64-unknown-linux-gnu
Thread model: posix
InstalledDir: /home/sammy/.buildozer/android/platform/android-ndk-r23b/toolchains/llvm/prebuilt/linux-x86_64/bin
